Analysis & Synthesis report for projetoVerilog
Thu Oct 10 23:32:21 2019
Quartus II Version 9.1 Build 350 03/24/2010 Service Pack 2 SJ Web Edition


---------------------
; Table of Contents ;
---------------------
  1. Legal Notice
  2. Analysis & Synthesis Summary
  3. Analysis & Synthesis Settings
  4. Parallel Compilation
  5. Analysis & Synthesis Source Files Read
  6. Analysis & Synthesis Resource Usage Summary
  7. Analysis & Synthesis Resource Utilization by Entity
  8. State Machine - |Controle|estado
  9. Registers Removed During Synthesis
 10. General Register Statistics
 11. Multiplexer Restructuring Statistics (Restructuring Performed)
 12. Parameter Settings for User Entity Instance: Top-level Entity: |Controle
 13. Analysis & Synthesis Messages



----------------
; Legal Notice ;
----------------
Copyright (C) 1991-2010 Altera Corporation
Your use of Altera Corporation's design tools, logic functions 
and other software and tools, and its AMPP partner logic 
functions, and any output files from any of the foregoing 
(including device programming or simulation files), and any 
associated documentation or information are expressly subject 
to the terms and conditions of the Altera Program License 
Subscription Agreement, Altera MegaCore Function License 
Agreement, or other applicable license agreement, including, 
without limitation, that your use is for the sole purpose of 
programming logic devices manufactured by Altera and sold by 
Altera or its authorized distributors.  Please refer to the 
applicable agreement for further details.



+------------------------------------------------------------------------------+
; Analysis & Synthesis Summary                                                 ;
+-------------------------------+----------------------------------------------+
; Analysis & Synthesis Status   ; Successful - Thu Oct 10 23:32:21 2019        ;
; Quartus II Version            ; 9.1 Build 350 03/24/2010 SP 2 SJ Web Edition ;
; Revision Name                 ; projetoVerilog                               ;
; Top-level Entity Name         ; Controle                                     ;
; Family                        ; Stratix II                                   ;
; Logic utilization             ; N/A                                          ;
;     Combinational ALUTs       ; 16                                           ;
;     Dedicated logic registers ; 15                                           ;
; Total registers               ; 15                                           ;
; Total pins                    ; 57                                           ;
; Total virtual pins            ; 0                                            ;
; Total block memory bits       ; 0                                            ;
; DSP block 9-bit elements      ; 0                                            ;
; Total PLLs                    ; 0                                            ;
; Total DLLs                    ; 0                                            ;
+-------------------------------+----------------------------------------------+


+----------------------------------------------------------------------------------------------------------------------+
; Analysis & Synthesis Settings                                                                                        ;
+----------------------------------------------------------------------------+--------------------+--------------------+
; Option                                                                     ; Setting            ; Default Value      ;
+----------------------------------------------------------------------------+--------------------+--------------------+
; Top-level entity name                                                      ; Controle           ; projetoVerilog     ;
; Family name                                                                ; Stratix II         ; Stratix II         ;
; Use Generated Physical Constraints File                                    ; Off                ;                    ;
; Use smart compilation                                                      ; Off                ; Off                ;
; Enable parallel Assembler and TimeQuest Timing Analyzer during compilation ; On                 ; On                 ;
; Enable compact report table                                                ; Off                ; Off                ;
; Restructure Multiplexers                                                   ; Auto               ; Auto               ;
; Create Debugging Nodes for IP Cores                                        ; Off                ; Off                ;
; Preserve fewer node names                                                  ; On                 ; On                 ;
; Disable OpenCore Plus hardware evaluation                                  ; Off                ; Off                ;
; Verilog Version                                                            ; Verilog_2001       ; Verilog_2001       ;
; VHDL Version                                                               ; VHDL_1993          ; VHDL_1993          ;
; State Machine Processing                                                   ; Auto               ; Auto               ;
; Safe State Machine                                                         ; Off                ; Off                ;
; Extract Verilog State Machines                                             ; On                 ; On                 ;
; Extract VHDL State Machines                                                ; On                 ; On                 ;
; Ignore Verilog initial constructs                                          ; Off                ; Off                ;
; Iteration limit for constant Verilog loops                                 ; 5000               ; 5000               ;
; Iteration limit for non-constant Verilog loops                             ; 250                ; 250                ;
; Add Pass-Through Logic to Inferred RAMs                                    ; On                 ; On                 ;
; Parallel Synthesis                                                         ; On                 ; On                 ;
; DSP Block Balancing                                                        ; Auto               ; Auto               ;
; NOT Gate Push-Back                                                         ; On                 ; On                 ;
; Power-Up Don't Care                                                        ; On                 ; On                 ;
; Remove Redundant Logic Cells                                               ; Off                ; Off                ;
; Remove Duplicate Registers                                                 ; On                 ; On                 ;
; Ignore CARRY Buffers                                                       ; Off                ; Off                ;
; Ignore CASCADE Buffers                                                     ; Off                ; Off                ;
; Ignore GLOBAL Buffers                                                      ; Off                ; Off                ;
; Ignore ROW GLOBAL Buffers                                                  ; Off                ; Off                ;
; Ignore LCELL Buffers                                                       ; Off                ; Off                ;
; Ignore SOFT Buffers                                                        ; On                 ; On                 ;
; Limit AHDL Integers to 32 Bits                                             ; Off                ; Off                ;
; Optimization Technique                                                     ; Balanced           ; Balanced           ;
; Carry Chain Length                                                         ; 70                 ; 70                 ;
; Auto Carry Chains                                                          ; On                 ; On                 ;
; Auto Open-Drain Pins                                                       ; On                 ; On                 ;
; Perform WYSIWYG Primitive Resynthesis                                      ; Off                ; Off                ;
; Auto ROM Replacement                                                       ; On                 ; On                 ;
; Auto RAM Replacement                                                       ; On                 ; On                 ;
; Auto DSP Block Replacement                                                 ; On                 ; On                 ;
; Auto Shift Register Replacement                                            ; Auto               ; Auto               ;
; Auto Clock Enable Replacement                                              ; On                 ; On                 ;
; Strict RAM Replacement                                                     ; Off                ; Off                ;
; Allow Synchronous Control Signals                                          ; On                 ; On                 ;
; Force Use of Synchronous Clear Signals                                     ; Off                ; Off                ;
; Auto RAM Block Balancing                                                   ; On                 ; On                 ;
; Auto RAM to Logic Cell Conversion                                          ; Off                ; Off                ;
; Auto Resource Sharing                                                      ; Off                ; Off                ;
; Allow Any RAM Size For Recognition                                         ; Off                ; Off                ;
; Allow Any ROM Size For Recognition                                         ; Off                ; Off                ;
; Allow Any Shift Register Size For Recognition                              ; Off                ; Off                ;
; Use LogicLock Constraints during Resource Balancing                        ; On                 ; On                 ;
; Ignore translate_off and synthesis_off directives                          ; Off                ; Off                ;
; Timing-Driven Synthesis                                                    ; Off                ; Off                ;
; Show Parameter Settings Tables in Synthesis Report                         ; On                 ; On                 ;
; Ignore Maximum Fan-Out Assignments                                         ; Off                ; Off                ;
; Synchronization Register Chain Length                                      ; 2                  ; 2                  ;
; PowerPlay Power Optimization                                               ; Normal compilation ; Normal compilation ;
; HDL message level                                                          ; Level2             ; Level2             ;
; Suppress Register Optimization Related Messages                            ; Off                ; Off                ;
; Number of Removed Registers Reported in Synthesis Report                   ; 5000               ; 5000               ;
; Number of Inverted Registers Reported in Synthesis Report                  ; 100                ; 100                ;
; Clock MUX Protection                                                       ; On                 ; On                 ;
; Auto Gated Clock Conversion                                                ; Off                ; Off                ;
; Block Design Naming                                                        ; Auto               ; Auto               ;
; SDC constraint protection                                                  ; Off                ; Off                ;
; Synthesis Effort                                                           ; Auto               ; Auto               ;
; Shift Register Replacement - Allow Asynchronous Clear Signal               ; On                 ; On                 ;
; Analysis & Synthesis Message Level                                         ; Medium             ; Medium             ;
; Disable Register Merging Across Hierarchies                                ; Auto               ; Auto               ;
; Resource Aware Inference For Block RAM                                     ; On                 ; On                 ;
+----------------------------------------------------------------------------+--------------------+--------------------+


Parallel compilation was disabled, but you have multiple processors available. Enable parallel compilation to reduce compilation time.
+-------------------------------------+
; Parallel Compilation                ;
+----------------------------+--------+
; Processors                 ; Number ;
+----------------------------+--------+
; Number detected on machine ; 2      ;
; Maximum allowed            ; 1      ;
+----------------------------+--------+


+----------------------------------------------------------------------------------------------------------------------------------------+
; Analysis & Synthesis Source Files Read                                                                                                 ;
+----------------------------------+-----------------+------------------------+----------------------------------------------------------+
; File Name with User-Entered Path ; Used in Netlist ; File Type              ; File Name with Absolute Path                             ;
+----------------------------------+-----------------+------------------------+----------------------------------------------------------+
; Controle.v                       ; yes             ; User Verilog HDL File  ; Z:/home/tiago/Documentos/projetoHW/Quartus II/Controle.v ;
+----------------------------------+-----------------+------------------------+----------------------------------------------------------+


+-------------------------------------------------------+
; Analysis & Synthesis Resource Usage Summary           ;
+-----------------------------------------------+-------+
; Resource                                      ; Usage ;
+-----------------------------------------------+-------+
; Estimated ALUTs Used                          ; 16    ;
; Dedicated logic registers                     ; 15    ;
;                                               ;       ;
; Estimated ALUTs Unavailable                   ; 2     ;
;                                               ;       ;
; Total combinational functions                 ; 16    ;
; Combinational ALUT usage by number of inputs  ;       ;
;     -- 7 input functions                      ; 0     ;
;     -- 6 input functions                      ; 3     ;
;     -- 5 input functions                      ; 3     ;
;     -- 4 input functions                      ; 2     ;
;     -- <=3 input functions                    ; 8     ;
;                                               ;       ;
; Combinational ALUTs by mode                   ;       ;
;     -- normal mode                            ; 16    ;
;     -- extended LUT mode                      ; 0     ;
;     -- arithmetic mode                        ; 0     ;
;     -- shared arithmetic mode                 ; 0     ;
;                                               ;       ;
; Estimated ALUT/register pairs used            ; 20    ;
;                                               ;       ;
; Total registers                               ; 15    ;
;     -- Dedicated logic registers              ; 15    ;
;     -- I/O registers                          ; 0     ;
;                                               ;       ;
; Estimated ALMs:  partially or completely used ; 10    ;
;                                               ;       ;
; I/O pins                                      ; 57    ;
; Maximum fan-out node                          ; reset ;
; Maximum fan-out                               ; 16    ;
; Total fan-out                                 ; 119   ;
; Average fan-out                               ; 1.35  ;
+-----------------------------------------------+-------+


+-----------------------------------------------------------------------------------------------------------------------------------------------------------------------------------------------+
; Analysis & Synthesis Resource Utilization by Entity                                                                                                                                           ;
+----------------------------+-------------------+--------------+-------------------+--------------+---------+-----------+-----------+------+--------------+---------------------+--------------+
; Compilation Hierarchy Node ; LC Combinationals ; LC Registers ; Block Memory Bits ; DSP Elements ; DSP 9x9 ; DSP 18x18 ; DSP 36x36 ; Pins ; Virtual Pins ; Full Hierarchy Name ; Library Name ;
+----------------------------+-------------------+--------------+-------------------+--------------+---------+-----------+-----------+------+--------------+---------------------+--------------+
; |Controle                  ; 16 (16)           ; 15 (15)      ; 0                 ; 0            ; 0       ; 0         ; 0         ; 57   ; 0            ; |Controle           ; work         ;
+----------------------------+-------------------+--------------+-------------------+--------------+---------+-----------+-----------+------+--------------+---------------------+--------------+
Note: For table entries with two numbers listed, the numbers in parentheses indicate the number of resources of the given type used by the specific entity alone. The numbers listed outside of parentheses indicate the total resources of the given type used by the specific entity and all of its sub-entities in the hierarchy.


Encoding Type:  One-Hot
+-----------------------------------------------------------------------------------------------------------------------+
; State Machine - |Controle|estado                                                                                      ;
+-------------------+-------------------+---------------+---------------+------------------+--------------+-------------+
; Name              ; estado.AfterADDIU ; estado.OPERAR ; estado.DECODE ; estado.WAITFETCH ; estado.FETCH ; estado.WAIT ;
+-------------------+-------------------+---------------+---------------+------------------+--------------+-------------+
; estado.FETCH      ; 0                 ; 0             ; 0             ; 0                ; 0            ; 0           ;
; estado.WAITFETCH  ; 0                 ; 0             ; 0             ; 1                ; 1            ; 0           ;
; estado.DECODE     ; 0                 ; 0             ; 1             ; 0                ; 1            ; 0           ;
; estado.OPERAR     ; 0                 ; 1             ; 0             ; 0                ; 1            ; 0           ;
; estado.AfterADDIU ; 1                 ; 0             ; 0             ; 0                ; 1            ; 0           ;
; estado.WAIT       ; 0                 ; 0             ; 0             ; 0                ; 1            ; 1           ;
+-------------------+-------------------+---------------+---------------+------------------+--------------+-------------+


+---------------------------------------------------------------------------------+
; Registers Removed During Synthesis                                              ;
+----------------------------------------+----------------------------------------+
; Register name                          ; Reason for Removal                     ;
+----------------------------------------+----------------------------------------+
; RegWrite~reg0                          ; Merged with MemToReg[0]~reg0           ;
; MemToReg[1]~reg0                       ; Merged with MemToReg[0]~reg0           ;
; MemToReg[3]~reg0                       ; Merged with MemToReg[0]~reg0           ;
; AluSrcA[0]~reg0                        ; Merged with MemToReg[2]~reg0           ;
; IorD[0]~reg0                           ; Merged with MemToReg[2]~reg0           ;
; EPCWrite~reg0                          ; Merged with MemToReg[2]~reg0           ;
; WriteLO~reg0                           ; Merged with MemToReg[2]~reg0           ;
; AluOp[2]~reg0                          ; Merged with MemToReg[2]~reg0           ;
; WriteCond~reg0                         ; Merged with MemToReg[2]~reg0           ;
; ExceptionCtrl[0]~reg0                  ; Merged with MemToReg[2]~reg0           ;
; IorD[2]~reg0                           ; Merged with MemToReg[2]~reg0           ;
; ShiftAmt~reg0                          ; Merged with MemToReg[2]~reg0           ;
; LOCtrl~reg0                            ; Merged with MemToReg[2]~reg0           ;
; ShiftCtrl[1]~reg0                      ; Merged with MemToReg[2]~reg0           ;
; IorD[1]~reg0                           ; Merged with MemToReg[2]~reg0           ;
; ExceptionCtrl[1]~reg0                  ; Merged with MemToReg[2]~reg0           ;
; WriteHI~reg0                           ; Merged with MemToReg[2]~reg0           ;
; DivCtrl~reg0                           ; Merged with MemToReg[2]~reg0           ;
; HICtrl~reg0                            ; Merged with MemToReg[2]~reg0           ;
; PCSource[2]~reg0                       ; Merged with MemToReg[2]~reg0           ;
; ShiftSrc~reg0                          ; Merged with MemToReg[2]~reg0           ;
; AluOp[1]~reg0                          ; Merged with MemToReg[2]~reg0           ;
; Wr~reg0                                ; Merged with MemToReg[2]~reg0           ;
; ShiftCtrl[2]~reg0                      ; Merged with MemToReg[2]~reg0           ;
; PCSource[1]~reg0                       ; Merged with MemToReg[2]~reg0           ;
; MultCtrl~reg0                          ; Merged with MemToReg[2]~reg0           ;
; RegDst[2]~reg0                         ; Merged with RegDst[0]~reg0             ;
; WriteRegB~reg0                         ; Merged with ShiftCtrl[0]~reg0          ;
; AluSrcB[2]~reg0                        ; Merged with ShiftCtrl[0]~reg0          ;
; WriteRegA~reg0                         ; Merged with ShiftCtrl[0]~reg0          ;
; AluSrcB[0]~reg0                        ; Merged with PCSource[0]~reg0           ;
; PCWrite~reg0                           ; Merged with PCSource[0]~reg0           ;
; AluSrcA[1]~reg0                        ; Merged with AluSrcB[1]~reg0            ;
; MemToReg[2]~reg0                       ; Stuck at GND due to stuck port data_in ;
; estado~8                               ; Lost fanout                            ;
; estado~9                               ; Lost fanout                            ;
; estado~10                              ; Lost fanout                            ;
; estado~12                              ; Lost fanout                            ;
; estado~13                              ; Lost fanout                            ;
; estado~14                              ; Lost fanout                            ;
; Total Number of Removed Registers = 40 ;                                        ;
+----------------------------------------+----------------------------------------+


+------------------------------------------------------+
; General Register Statistics                          ;
+----------------------------------------------+-------+
; Statistic                                    ; Value ;
+----------------------------------------------+-------+
; Total registers                              ; 15    ;
; Number of registers using Synchronous Clear  ; 7     ;
; Number of registers using Synchronous Load   ; 0     ;
; Number of registers using Asynchronous Clear ; 0     ;
; Number of registers using Asynchronous Load  ; 0     ;
; Number of registers using Clock Enable       ; 4     ;
; Number of registers using Preset             ; 0     ;
+----------------------------------------------+-------+


+-------------------------------------------------------------------------------------------------------------------------------------------+
; Multiplexer Restructuring Statistics (Restructuring Performed)                                                                            ;
+--------------------+-----------+---------------+----------------------+------------------------+------------+-----------------------------+
; Multiplexer Inputs ; Bus Width ; Baseline Area ; Area if Restructured ; Saving if Restructured ; Registered ; Example Multiplexer Output  ;
+--------------------+-----------+---------------+----------------------+------------------------+------------+-----------------------------+
; 6:1                ; 2 bits    ; 8 ALUTs       ; 4 ALUTs              ; 4 ALUTs                ; Yes        ; |Controle|ShiftCtrl[0]~reg0 ;
+--------------------+-----------+---------------+----------------------+------------------------+------------+-----------------------------+


+--------------------------------------------------------------------------+
; Parameter Settings for User Entity Instance: Top-level Entity: |Controle ;
+----------------+---------+-----------------------------------------------+
; Parameter Name ; Value   ; Type                                          ;
+----------------+---------+-----------------------------------------------+
; FETCH          ; 0000000 ; Unsigned Binary                               ;
; WAITFETCH      ; 0000001 ; Unsigned Binary                               ;
; DECODE         ; 0000010 ; Unsigned Binary                               ;
; OPERAR         ; 0000011 ; Unsigned Binary                               ;
; AfterADDIU     ; 0000100 ; Unsigned Binary                               ;
; WAIT           ; 1111111 ; Unsigned Binary                               ;
; RINSTRUCTION   ; 000000  ; Unsigned Binary                               ;
; ADDI           ; 001000  ; Unsigned Binary                               ;
; ADDIU          ; 001001  ; Unsigned Binary                               ;
; BEQ            ; 000100  ; Unsigned Binary                               ;
; BNE            ; 000101  ; Unsigned Binary                               ;
; BLE            ; 000110  ; Unsigned Binary                               ;
; BGT            ; 000111  ; Unsigned Binary                               ;
; BLM            ; 000001  ; Unsigned Binary                               ;
; LB             ; 100000  ; Unsigned Binary                               ;
; LH             ; 100001  ; Unsigned Binary                               ;
; LUI            ; 001111  ; Unsigned Binary                               ;
; LW             ; 100011  ; Unsigned Binary                               ;
; SB             ; 101000  ; Unsigned Binary                               ;
; SH             ; 101001  ; Unsigned Binary                               ;
; SLTI           ; 001010  ; Unsigned Binary                               ;
; SW             ; 101011  ; Unsigned Binary                               ;
; J              ; 000010  ; Unsigned Binary                               ;
; JAL            ; 000011  ; Unsigned Binary                               ;
; ADD            ; 100000  ; Unsigned Binary                               ;
; AND            ; 100100  ; Unsigned Binary                               ;
; DIV            ; 011010  ; Unsigned Binary                               ;
; MULT           ; 011000  ; Unsigned Binary                               ;
; JR             ; 001000  ; Unsigned Binary                               ;
; MFHI           ; 010000  ; Unsigned Binary                               ;
; MFLO           ; 010010  ; Unsigned Binary                               ;
; SLL            ; 000000  ; Unsigned Binary                               ;
; SLLV           ; 000100  ; Unsigned Binary                               ;
; SLT            ; 101010  ; Unsigned Binary                               ;
; SRA            ; 000011  ; Unsigned Binary                               ;
; SRAV           ; 000111  ; Unsigned Binary                               ;
; SRL            ; 000010  ; Unsigned Binary                               ;
; SUB            ; 100010  ; Unsigned Binary                               ;
; BREAK          ; 001101  ; Unsigned Binary                               ;
; RTE            ; 010011  ; Unsigned Binary                               ;
; XCHG           ; 000101  ; Unsigned Binary                               ;
+----------------+---------+-----------------------------------------------+
Note: In order to hide this table in the UI and the text report file, please set the "Show Parameter Settings Tables in Synthesis Report" option in "Analysis and Synthesis Settings -> More Settings" to "Off".


+-------------------------------+
; Analysis & Synthesis Messages ;
+-------------------------------+
Info: *******************************************************************
Info: Running Quartus II Analysis & Synthesis
    Info: Version 9.1 Build 350 03/24/2010 Service Pack 2 SJ Web Edition
    Info: Processing started: Thu Oct 10 23:32:19 2019
Info: Command: quartus_map --read_settings_files=on --write_settings_files=off projetoVerilog -c projetoVerilog
Warning: Can't analyze file -- file InstrucaoR/ADDI.v is missing
Info: Found 1 design units, including 1 entities, in source file multiplexadores/muxa.v
    Info: Found entity 1: MuxA
Info: Found 1 design units, including 1 entities, in source file multiplexadores/muxg.v
    Info: Found entity 1: MuxG
Info: Found 1 design units, including 1 entities, in source file multiplexadores/muxh.v
    Info: Found entity 1: MuxH
Info: Found 1 design units, including 1 entities, in source file multiplexadores/muxf.v
    Info: Found entity 1: MuxF
Info: Found 1 design units, including 1 entities, in source file controle.v
    Info: Found entity 1: Controle
Info: Elaborating entity "Controle" for the top level hierarchy
Warning: Output pins are stuck at VCC or GND
    Warning (13410): Pin "WriteCond" is stuck at GND
    Warning (13410): Pin "Wr" is stuck at GND
    Warning (13410): Pin "EPCWrite" is stuck at GND
    Warning (13410): Pin "ShiftSrc" is stuck at GND
    Warning (13410): Pin "ShiftAmt" is stuck at GND
    Warning (13410): Pin "DivCtrl" is stuck at GND
    Warning (13410): Pin "MultCtrl" is stuck at GND
    Warning (13410): Pin "HICtrl" is stuck at GND
    Warning (13410): Pin "LOCtrl" is stuck at GND
    Warning (13410): Pin "WriteHI" is stuck at GND
    Warning (13410): Pin "WriteLO" is stuck at GND
    Warning (13410): Pin "ExceptionCtrl[0]" is stuck at GND
    Warning (13410): Pin "ExceptionCtrl[1]" is stuck at GND
    Warning (13410): Pin "AluSrcA[0]" is stuck at GND
    Warning (13410): Pin "AluOp[1]" is stuck at GND
    Warning (13410): Pin "AluOp[2]" is stuck at GND
    Warning (13410): Pin "PCSource[1]" is stuck at GND
    Warning (13410): Pin "PCSource[2]" is stuck at GND
    Warning (13410): Pin "IorD[0]" is stuck at GND
    Warning (13410): Pin "IorD[1]" is stuck at GND
    Warning (13410): Pin "IorD[2]" is stuck at GND
    Warning (13410): Pin "ShiftCtrl[1]" is stuck at GND
    Warning (13410): Pin "ShiftCtrl[2]" is stuck at GND
    Warning (13410): Pin "MemToReg[2]" is stuck at GND
Info: 6 registers lost all their fanouts during netlist optimizations. The first 6 are displayed below.
    Info: Register "estado~8" lost all its fanouts during netlist optimizations.
    Info: Register "estado~9" lost all its fanouts during netlist optimizations.
    Info: Register "estado~10" lost all its fanouts during netlist optimizations.
    Info: Register "estado~12" lost all its fanouts during netlist optimizations.
    Info: Register "estado~13" lost all its fanouts during netlist optimizations.
    Info: Register "estado~14" lost all its fanouts during netlist optimizations.
Warning: Ignored assignments for entity "projetoVerilog" -- entity does not exist in design
    Warning: Assignment for entity set_global_assignment -name LL_ROOT_REGION ON -entity projetoVerilog -section_id "Root Region" was ignored
    Warning: Assignment for entity set_global_assignment -name LL_MEMBER_STATE LOCKED -entity projetoVerilog -section_id "Root Region" was ignored
Warning: Design contains 6 input pin(s) that do not drive logic
    Warning (15610): No output dependent on input pin "Funct[0]"
    Warning (15610): No output dependent on input pin "Funct[1]"
    Warning (15610): No output dependent on input pin "Funct[2]"
    Warning (15610): No output dependent on input pin "Funct[3]"
    Warning (15610): No output dependent on input pin "Funct[4]"
    Warning (15610): No output dependent on input pin "Funct[5]"
Info: Implemented 76 device resources after synthesis - the final resource count might be different
    Info: Implemented 14 input pins
    Info: Implemented 43 output pins
    Info: Implemented 19 logic cells
Info: Quartus II Analysis & Synthesis was successful. 0 errors, 36 warnings
    Info: Peak virtual memory: 0 megabytes
    Info: Processing ended: Thu Oct 10 23:32:21 2019
    Info: Elapsed time: 00:00:02
    Info: Total CPU time (on all processors): 00:00:00


